==1848154== Memcheck, a memory error detector
==1848154== Copyright (C) 2002-2017, and GNU GPL'd, by Julian Seward et al.
==1848154== Using Valgrind-3.18.1 and LibVEX; rerun with -h for copyright info
==1848154== Command: ./minishell
==1848154== Parent PID: 1848150
==1848154== 
==1848225== 
==1848225== FILE DESCRIPTORS: 8 open (3 std) at exit.
==1848225== Open file descriptor 103: /usr/share/code/v8_context_snapshot.bin
==1848225==    <inherited from parent>
==1848225== 
==1848225== Open file descriptor 44: /dev/ptmx
==1848225==    <inherited from parent>
==1848225== 
==1848225== Open AF_UNIX socket 43: <unknown>
==1848225==    <inherited from parent>
==1848225== 
==1848225== Open file descriptor 41: /home/alfavre/.config/Code/logs/20250814T103103/ptyhost.log
==1848225==    <inherited from parent>
==1848225== 
==1848225== Open file descriptor 3: /home/alfavre/Documents/42_github/Minishell_V2/valgrind.log
==1848225==    <inherited from parent>
==1848225== 
==1848225== Open file descriptor 2: /dev/pts/3
==1848225==    <inherited from parent>
==1848225== 
==1848225== Open file descriptor 1:
==1848225==    at 0x49DD01B: dup2 (syscall-template.S:120)
==1848225==    by 0x404C53: setup_child_pipes_and_redir (pipe.c:18)
==1848225==    by 0x404B54: exec_pipe (pipe.c:44)
==1848225==    by 0x404A5A: handle_pipeline (pipe.c:101)
==1848225==    by 0x4046EF: execute_commands (exec.c:33)
==1848225==    by 0x401851: process_input (shell_loop.c:62)
==1848225==    by 0x401986: handle_iteration (shell_loop.c:85)
==1848225==    by 0x401A22: run_shell_loop (shell_loop.c:104)
==1848225==    by 0x40162C: main (main.c:78)
==1848225== 
==1848225== Open file descriptor 0: /dev/pts/3
==1848225==    <inherited from parent>
==1848225== 
==1848225== 
==1848225== HEAP SUMMARY:
==1848225==     in use at exit: 204,182 bytes in 221 blocks
==1848225==   total heap usage: 922 allocs, 701 frees, 233,977 bytes allocated
==1848225== 
==1848225== LEAK SUMMARY:
==1848225==    definitely lost: 0 bytes in 0 blocks
==1848225==    indirectly lost: 0 bytes in 0 blocks
==1848225==      possibly lost: 0 bytes in 0 blocks
==1848225==    still reachable: 0 bytes in 0 blocks
==1848225==         suppressed: 204,182 bytes in 221 blocks
==1848225== 
==1848225== ERROR SUMMARY: 0 errors from 0 contexts (suppressed: 0 from 0)
--1848225-- 
--1848225-- used_suppression:     62 readline_leak .valgrind_readline:2 suppressed: 204,182 bytes in 221 blocks
==1848225== 
==1848225== ERROR SUMMARY: 0 errors from 0 contexts (suppressed: 0 from 0)
==1848226== 
==1848226== FILE DESCRIPTORS: 8 open (3 std) at exit.
==1848226== Open file descriptor 103: /usr/share/code/v8_context_snapshot.bin
==1848226==    <inherited from parent>
==1848226== 
==1848226== Open file descriptor 44: /dev/ptmx
==1848226==    <inherited from parent>
==1848226== 
==1848226== Open AF_UNIX socket 43: <unknown>
==1848226==    <inherited from parent>
==1848226== 
==1848226== Open file descriptor 41: /home/alfavre/.config/Code/logs/20250814T103103/ptyhost.log
==1848226==    <inherited from parent>
==1848226== 
==1848226== Open file descriptor 3: /home/alfavre/Documents/42_github/Minishell_V2/valgrind.log
==1848226==    <inherited from parent>
==1848226== 
==1848226== Open file descriptor 2: /dev/pts/3
==1848226==    <inherited from parent>
==1848226== 
==1848226== Open file descriptor 1:
==1848226==    at 0x49DD01B: dup2 (syscall-template.S:120)
==1848226==    by 0x404CEC: setup_child_pipes_and_redir (pipe.c:24)
==1848226==    by 0x404B54: exec_pipe (pipe.c:44)
==1848226==    by 0x404A5A: handle_pipeline (pipe.c:101)
==1848226==    by 0x4046EF: execute_commands (exec.c:33)
==1848226==    by 0x401851: process_input (shell_loop.c:62)
==1848226==    by 0x401986: handle_iteration (shell_loop.c:85)
==1848226==    by 0x401A22: run_shell_loop (shell_loop.c:104)
==1848226==    by 0x40162C: main (main.c:78)
==1848226== 
==1848226== Open file descriptor 0:
==1848226==    at 0x49DD01B: dup2 (syscall-template.S:120)
==1848226==    by 0x404CD3: setup_child_pipes_and_redir (pipe.c:23)
==1848226==    by 0x404B54: exec_pipe (pipe.c:44)
==1848226==    by 0x404A5A: handle_pipeline (pipe.c:101)
==1848226==    by 0x4046EF: execute_commands (exec.c:33)
==1848226==    by 0x401851: process_input (shell_loop.c:62)
==1848226==    by 0x401986: handle_iteration (shell_loop.c:85)
==1848226==    by 0x401A22: run_shell_loop (shell_loop.c:104)
==1848226==    by 0x40162C: main (main.c:78)
==1848226== 
==1848226== 
==1848226== HEAP SUMMARY:
==1848226==     in use at exit: 204,182 bytes in 221 blocks
==1848226==   total heap usage: 947 allocs, 726 frees, 234,491 bytes allocated
==1848226== 
==1848226== LEAK SUMMARY:
==1848226==    definitely lost: 0 bytes in 0 blocks
==1848226==    indirectly lost: 0 bytes in 0 blocks
==1848226==      possibly lost: 0 bytes in 0 blocks
==1848226==    still reachable: 0 bytes in 0 blocks
==1848226==         suppressed: 204,182 bytes in 221 blocks
==1848226== 
==1848226== ERROR SUMMARY: 0 errors from 0 contexts (suppressed: 0 from 0)
--1848226-- 
--1848226-- used_suppression:     62 readline_leak .valgrind_readline:2 suppressed: 204,182 bytes in 221 blocks
==1848226== 
==1848226== ERROR SUMMARY: 0 errors from 0 contexts (suppressed: 0 from 0)
==1848227== 
==1848227== FILE DESCRIPTORS: 8 open (3 std) at exit.
==1848227== Open file descriptor 103: /usr/share/code/v8_context_snapshot.bin
==1848227==    <inherited from parent>
==1848227== 
==1848227== Open file descriptor 44: /dev/ptmx
==1848227==    <inherited from parent>
==1848227== 
==1848227== Open AF_UNIX socket 43: <unknown>
==1848227==    <inherited from parent>
==1848227== 
==1848227== Open file descriptor 41: /home/alfavre/.config/Code/logs/20250814T103103/ptyhost.log
==1848227==    <inherited from parent>
==1848227== 
==1848227== Open file descriptor 3: /home/alfavre/Documents/42_github/Minishell_V2/valgrind.log
==1848227==    <inherited from parent>
==1848227== 
==1848227== Open file descriptor 2: /dev/pts/3
==1848227==    <inherited from parent>
==1848227== 
==1848227== Open file descriptor 1: /dev/pts/3
==1848227==    <inherited from parent>
==1848227== 
==1848227== Open file descriptor 0:
==1848227==    at 0x49DD01B: dup2 (syscall-template.S:120)
==1848227==    by 0x404C95: setup_child_pipes_and_redir (pipe.c:20)
==1848227==    by 0x404B54: exec_pipe (pipe.c:44)
==1848227==    by 0x404A5A: handle_pipeline (pipe.c:101)
==1848227==    by 0x4046EF: execute_commands (exec.c:33)
==1848227==    by 0x401851: process_input (shell_loop.c:62)
==1848227==    by 0x401986: handle_iteration (shell_loop.c:85)
==1848227==    by 0x401A22: run_shell_loop (shell_loop.c:104)
==1848227==    by 0x40162C: main (main.c:78)
==1848227== 
==1848227== 
==1848227== HEAP SUMMARY:
==1848227==     in use at exit: 204,182 bytes in 221 blocks
==1848227==   total heap usage: 947 allocs, 726 frees, 234,509 bytes allocated
==1848227== 
==1848227== LEAK SUMMARY:
==1848227==    definitely lost: 0 bytes in 0 blocks
==1848227==    indirectly lost: 0 bytes in 0 blocks
==1848227==      possibly lost: 0 bytes in 0 blocks
==1848227==    still reachable: 0 bytes in 0 blocks
==1848227==         suppressed: 204,182 bytes in 221 blocks
==1848227== 
==1848227== ERROR SUMMARY: 0 errors from 0 contexts (suppressed: 0 from 0)
--1848227-- 
--1848227-- used_suppression:     62 readline_leak .valgrind_readline:2 suppressed: 204,182 bytes in 221 blocks
==1848227== 
==1848227== ERROR SUMMARY: 0 errors from 0 contexts (suppressed: 0 from 0)
==1848154== 
==1848154== FILE DESCRIPTORS: 8 open (3 std) at exit.
==1848154== Open file descriptor 103: /usr/share/code/v8_context_snapshot.bin
==1848154==    <inherited from parent>
==1848154== 
==1848154== Open file descriptor 44: /dev/ptmx
==1848154==    <inherited from parent>
==1848154== 
==1848154== Open AF_UNIX socket 43: <unknown>
==1848154==    <inherited from parent>
==1848154== 
==1848154== Open file descriptor 41: /home/alfavre/.config/Code/logs/20250814T103103/ptyhost.log
==1848154==    <inherited from parent>
==1848154== 
==1848154== Open file descriptor 3: /home/alfavre/Documents/42_github/Minishell_V2/valgrind.log
==1848154==    <inherited from parent>
==1848154== 
==1848154== Open file descriptor 2: /dev/pts/3
==1848154==    <inherited from parent>
==1848154== 
==1848154== Open file descriptor 1: /dev/pts/3
==1848154==    <inherited from parent>
==1848154== 
==1848154== Open file descriptor 0: /dev/pts/3
==1848154==    <inherited from parent>
==1848154== 
==1848154== 
==1848154== HEAP SUMMARY:
==1848154==     in use at exit: 208,198 bytes in 222 blocks
==1848154==   total heap usage: 929 allocs, 707 frees, 238,109 bytes allocated
==1848154== 
==1848154== LEAK SUMMARY:
==1848154==    definitely lost: 0 bytes in 0 blocks
==1848154==    indirectly lost: 0 bytes in 0 blocks
==1848154==      possibly lost: 0 bytes in 0 blocks
==1848154==    still reachable: 0 bytes in 0 blocks
==1848154==         suppressed: 208,198 bytes in 222 blocks
==1848154== 
==1848154== ERROR SUMMARY: 0 errors from 0 contexts (suppressed: 0 from 0)
--1848154-- 
--1848154-- used_suppression:     62 readline_leak .valgrind_readline:2 suppressed: 204,182 bytes in 221 blocks
--1848154-- used_suppression:      1 add_history_leak .valgrind_readline:9 suppressed: 4,016 bytes in 1 blocks
==1848154== 
==1848154== ERROR SUMMARY: 0 errors from 0 contexts (suppressed: 0 from 0)
